<?xml version="1.0" encoding="UTF-8"?>
<!-- Generated by org.testng.reporters.JUnitXMLReporter -->
<testsuite ignored="0" hostname="Akshays-MacBook-Air.local" failures="0" tests="7" name="Surefire test" time="0.084" errors="0" timestamp="2026-03-12T20:07:40 IST">
  <testcase classname="Authentication.LoginTest" name="@BeforeClass beforeClass" time="-1.773326260198E9">
    <failure type="org.testng.TestNGException" message="
Parameter &amp;apos;browser&amp;apos; is required by BeforeClass on method beforeClass but has not been marked @Optional or defined
">
      <![CDATA[org.testng.TestNGException: 
Parameter 'browser' is required by BeforeClass on method beforeClass but has not been marked @Optional or defined

at java.base/java.util.ArrayList.forEach(ArrayList.java:1511)
... Removed 27 stack frames]]>
    </failure>
  </testcase> <!-- @BeforeClass beforeClass -->
  <testcase classname="Authentication.LoginTest" name="@BeforeMethod beforeMethod" time="0.0">
    <skipped/>
  </testcase> <!-- @BeforeMethod beforeMethod -->
  <testcase classname="Authentication.LoginTest" name="@AfterMethod afterMethod" time="0.0">
    <skipped/>
  </testcase> <!-- @AfterMethod afterMethod -->
  <testcase classname="Authentication.LoginTest" name="@AfterClass afterClass" time="0.0">
    <skipped/>
  </testcase> <!-- @AfterClass afterClass -->
  <testcase classname="Authentication.SearchProductTest" name="@BeforeClass beforeClass" time="-1.773326260264E9">
    <failure type="org.testng.TestNGException" message="
Parameter &amp;apos;browser&amp;apos; is required by BeforeClass on method beforeClass but has not been marked @Optional or defined
">
      <![CDATA[org.testng.TestNGException: 
Parameter 'browser' is required by BeforeClass on method beforeClass but has not been marked @Optional or defined

at java.base/java.util.ArrayList.forEach(ArrayList.java:1511)
... Removed 27 stack frames]]>
    </failure>
  </testcase> <!-- @BeforeClass beforeClass -->
  <testcase classname="Authentication.SearchProductTest" name="@BeforeMethod beforeMethod" time="0.0">
    <skipped/>
  </testcase> <!-- @BeforeMethod beforeMethod -->
  <testcase classname="Authentication.SearchProductTest" name="@AfterMethod afterMethod" time="0.0">
    <skipped/>
  </testcase> <!-- @AfterMethod afterMethod -->
  <testcase classname="Authentication.SearchProductTest" name="@BeforeMethod beforeMethod" time="0.0">
    <skipped/>
  </testcase> <!-- @BeforeMethod beforeMethod -->
  <testcase classname="Authentication.SearchProductTest" name="@AfterMethod afterMethod" time="0.0">
    <skipped/>
  </testcase> <!-- @AfterMethod afterMethod -->
  <testcase classname="Authentication.SearchProductTest" name="@BeforeMethod beforeMethod" time="0.0">
    <skipped/>
  </testcase> <!-- @BeforeMethod beforeMethod -->
  <testcase classname="Authentication.SearchProductTest" name="@AfterMethod afterMethod" time="0.0">
    <skipped/>
  </testcase> <!-- @AfterMethod afterMethod -->
  <testcase classname="Authentication.SearchProductTest" name="@BeforeMethod beforeMethod" time="0.0">
    <skipped/>
  </testcase> <!-- @BeforeMethod beforeMethod -->
  <testcase classname="Authentication.SearchProductTest" name="@AfterMethod afterMethod" time="0.0">
    <skipped/>
  </testcase> <!-- @AfterMethod afterMethod -->
  <testcase classname="Authentication.SearchProductTest" name="@AfterClass afterClass" time="0.0">
    <skipped/>
  </testcase> <!-- @AfterClass afterClass -->
  <testcase classname="Authentication.LoginTest" name="VerifyUserCanLoginToApplication" time="0.0">
    <skipped/>
  </testcase> <!-- VerifyUserCanLoginToApplication -->
  <testcase classname="Authentication.AddressTest" name="VerifyUserCanAddNewAddress" time="0.001"/>
  <testcase classname="Authentication.AddToCartTest" name="VerifyUserCanAddProductToCart" time="0.001"/>
  <testcase classname="Authentication.SearchProductTest" name="verifySearchProductFunctionality" time="0.0">
    <skipped/>
  </testcase> <!-- verifySearchProductFunctionality -->
  <testcase classname="Authentication.SearchProductTest" name="verifyUserCanClickOnProduct" time="0.0">
    <skipped/>
  </testcase> <!-- verifyUserCanClickOnProduct -->
  <testcase classname="Authentication.SearchProductTest" name="verifyUserCanViewProduct" time="0.0">
    <skipped/>
  </testcase> <!-- verifyUserCanViewProduct -->
  <testcase classname="Authentication.SearchProductTest" name="verifyUserCanSeeDetailsInSideProduct" time="0.0">
    <skipped/>
  </testcase> <!-- verifyUserCanSeeDetailsInSideProduct -->
</testsuite> <!-- Surefire test -->
