<?xml version="1.0" encoding="UTF-8"?>
<testsuite xmlns:xsi="http://www.w3.org/2001/XMLSchema-instance" xsi:noNamespaceSchemaLocation="https://maven.apache.org/surefire/maven-surefire-plugin/xsd/surefire-test-report-3.0.xsd" version="3.0" name="TestSuite" time="0.342" tests="21" errors="0" skipped="17" failures="2">
  <properties>
[...]
</properties>
  <testcase name="beforeClass" classname="Authentication.LoginTest" time="0.245">
    <failure message="&#10;Parameter &apos;browser&apos; is required by BeforeClass on method beforeClass but has not been marked @Optional or defined&#10;" type="org.testng.TestNGException"><![CDATA[org.testng.TestNGException: 

Parameter 'browser' is required by BeforeClass on method beforeClass but has not been marked @Optional or defined

	at org.testng.internal.Parameters.createParams(Parameters.java:264)
	at org.testng.internal.Parameters.createParametersForMethod(Parameters.java:352)
	at org.testng.internal.Parameters.createParameters(Parameters.java:690)
	at org.testng.internal.Parameters.createConfigurationParameters(Parameters.java:163)
	at org.testng.internal.invokers.ConfigInvoker.invokeConfigurations(ConfigInvoker.java:313)
	at org.testng.internal.invokers.TestMethodWorker.invokeBeforeClassMethods(TestMethodWorker.java:188)
	at org.testng.internal.invokers.TestMethodWorker.run(TestMethodWorker.java:128)
	at java.base/java.util.ArrayList.forEach(ArrayList.java:1511)
	at org.testng.TestRunner.privateRun(TestRunner.java:739)
	at org.testng.TestRunner.run(TestRunner.java:614)
	at org.testng.SuiteRunner.runTest(SuiteRunner.java:421)
	at org.testng.SuiteRunner.runSequentially(SuiteRunner.java:413)
	at org.testng.SuiteRunner.privateRun(SuiteRunner.java:373)
	at org.testng.SuiteRunner.run(SuiteRunner.java:312)
	at org.testng.SuiteRunnerWorker.runSuite(SuiteRunnerWorker.java:52)
	at org.testng.SuiteRunnerWorker.run(SuiteRunnerWorker.java:95)
	at org.testng.TestNG.runSuitesSequentially(TestNG.java:1274)
	at org.testng.TestNG.runSuitesLocally(TestNG.java:1208)
	at org.testng.TestNG.runSuites(TestNG.java:1112)
	at org.testng.TestNG.run(TestNG.java:1079)
	at org.apache.maven.surefire.testng.TestNGExecutor.run(TestNGExecutor.java:155)
	at org.apache.maven.surefire.testng.TestNGDirectoryTestSuite.executeMulti(TestNGDirectoryTestSuite.java:169)
	at org.apache.maven.surefire.testng.TestNGDirectoryTestSuite.execute(TestNGDirectoryTestSuite.java:88)
	at org.apache.maven.surefire.testng.TestNGProvider.invoke(TestNGProvider.java:137)
	at org.apache.maven.surefire.booter.ForkedBooter.runSuitesInProcess(ForkedBooter.java:385)
	at org.apache.maven.surefire.booter.ForkedBooter.execute(ForkedBooter.java:162)
	at org.apache.maven.surefire.booter.ForkedBooter.run(ForkedBooter.java:507)
	at org.apache.maven.surefire.booter.ForkedBooter.main(ForkedBooter.java:495)
]]></failure>
    <system-err><![CDATA[SLF4J: Failed to load class "org.slf4j.impl.StaticLoggerBinder".
SLF4J: Defaulting to no-operation (NOP) logger implementation
SLF4J: See http://www.slf4j.org/codes.html#StaticLoggerBinder for further details.
]]></system-err>
  </testcase>
  <testcase name="beforeMethod" classname="Authentication.LoginTest" time="0.0">
    <skipped/>
  </testcase>
  <testcase name="VerifyUserCanLoginToApplication" classname="Authentication.LoginTest" time="0.0">
    <skipped message="&#10;Parameter &apos;browser&apos; is required by BeforeClass on method beforeClass but has not been marked @Optional or defined&#10;"/>
    <system-out><![CDATA[VerifyUserCanLoginToApplication Test started
]]></system-out>
  </testcase>
  <testcase name="afterMethod" classname="Authentication.LoginTest" time="0.0">
    <skipped/>
  </testcase>
  <testcase name="afterClass" classname="Authentication.LoginTest" time="0.0">
    <skipped/>
  </testcase>
  <testcase name="VerifyUserCanAddNewAddress" classname="Authentication.AddressTest" time="0.002">
    <system-out><![CDATA[VerifyUserCanAddNewAddress Test started
]]></system-out>
  </testcase>
  <testcase name="VerifyUserCanAddProductToCart" classname="Authentication.AddToCartTest" time="0.001">
    <system-out><![CDATA[VerifyUserCanAddProductToCart Test started
]]></system-out>
  </testcase>
  <testcase name="beforeClass" classname="Authentication.SearchProductTest" time="0.004">
    <failure message="&#10;Parameter &apos;browser&apos; is required by BeforeClass on method beforeClass but has not been marked @Optional or defined&#10;" type="org.testng.TestNGException"><![CDATA[org.testng.TestNGException: 

Parameter 'browser' is required by BeforeClass on method beforeClass but has not been marked @Optional or defined

	at org.testng.internal.Parameters.createParams(Parameters.java:264)
	at org.testng.internal.Parameters.createParametersForMethod(Parameters.java:352)
	at org.testng.internal.Parameters.createParameters(Parameters.java:690)
	at org.testng.internal.Parameters.createConfigurationParameters(Parameters.java:163)
	at org.testng.internal.invokers.ConfigInvoker.invokeConfigurations(ConfigInvoker.java:313)
	at org.testng.internal.invokers.TestMethodWorker.invokeBeforeClassMethods(TestMethodWorker.java:188)
	at org.testng.internal.invokers.TestMethodWorker.run(TestMethodWorker.java:128)
	at java.base/java.util.ArrayList.forEach(ArrayList.java:1511)
	at org.testng.TestRunner.privateRun(TestRunner.java:739)
	at org.testng.TestRunner.run(TestRunner.java:614)
	at org.testng.SuiteRunner.runTest(SuiteRunner.java:421)
	at org.testng.SuiteRunner.runSequentially(SuiteRunner.java:413)
	at org.testng.SuiteRunner.privateRun(SuiteRunner.java:373)
	at org.testng.SuiteRunner.run(SuiteRunner.java:312)
	at org.testng.SuiteRunnerWorker.runSuite(SuiteRunnerWorker.java:52)
	at org.testng.SuiteRunnerWorker.run(SuiteRunnerWorker.java:95)
	at org.testng.TestNG.runSuitesSequentially(TestNG.java:1274)
	at org.testng.TestNG.runSuitesLocally(TestNG.java:1208)
	at org.testng.TestNG.runSuites(TestNG.java:1112)
	at org.testng.TestNG.run(TestNG.java:1079)
	at org.apache.maven.surefire.testng.TestNGExecutor.run(TestNGExecutor.java:155)
	at org.apache.maven.surefire.testng.TestNGDirectoryTestSuite.executeMulti(TestNGDirectoryTestSuite.java:169)
	at org.apache.maven.surefire.testng.TestNGDirectoryTestSuite.execute(TestNGDirectoryTestSuite.java:88)
	at org.apache.maven.surefire.testng.TestNGProvider.invoke(TestNGProvider.java:137)
	at org.apache.maven.surefire.booter.ForkedBooter.runSuitesInProcess(ForkedBooter.java:385)
	at org.apache.maven.surefire.booter.ForkedBooter.execute(ForkedBooter.java:162)
	at org.apache.maven.surefire.booter.ForkedBooter.run(ForkedBooter.java:507)
	at org.apache.maven.surefire.booter.ForkedBooter.main(ForkedBooter.java:495)
]]></failure>
  </testcase>
  <testcase name="beforeMethod" classname="Authentication.SearchProductTest" time="0.0">
    <skipped/>
  </testcase>
  <testcase name="beforeMethod" classname="Authentication.SearchProductTest" time="0.0">
    <skipped/>
  </testcase>
  <testcase name="beforeMethod" classname="Authentication.SearchProductTest" time="0.0">
    <skipped/>
  </testcase>
  <testcase name="beforeMethod" classname="Authentication.SearchProductTest" time="0.0">
    <skipped/>
  </testcase>
  <testcase name="verifySearchProductFunctionality" classname="Authentication.SearchProductTest" time="0.0">
    <skipped message="&#10;Parameter &apos;browser&apos; is required by BeforeClass on method beforeClass but has not been marked @Optional or defined&#10;"/>
    <system-out><![CDATA[verifySearchProductFunctionality Test started
]]></system-out>
  </testcase>
  <testcase name="afterMethod" classname="Authentication.SearchProductTest" time="0.0">
    <skipped/>
  </testcase>
  <testcase name="afterMethod" classname="Authentication.SearchProductTest" time="0.0">
    <skipped/>
  </testcase>
  <testcase name="afterMethod" classname="Authentication.SearchProductTest" time="0.0">
    <skipped/>
  </testcase>
  <testcase name="afterMethod" classname="Authentication.SearchProductTest" time="0.0">
    <skipped/>
  </testcase>
  <testcase name="verifyUserCanClickOnProduct" classname="Authentication.SearchProductTest" time="0.0">
    <skipped message="&#10;Parameter &apos;browser&apos; is required by BeforeClass on method beforeClass but has not been marked @Optional or defined&#10;"/>
    <system-out><![CDATA[verifyUserCanClickOnProduct Test started
]]></system-out>
  </testcase>
  <testcase name="verifyUserCanViewProduct" classname="Authentication.SearchProductTest" time="0.0">
    <skipped message="&#10;Parameter &apos;browser&apos; is required by BeforeClass on method beforeClass but has not been marked @Optional or defined&#10;"/>
    <system-out><![CDATA[verifyUserCanViewProduct Test started
]]></system-out>
  </testcase>
  <testcase name="verifyUserCanSeeDetailsInSideProduct" classname="Authentication.SearchProductTest" time="0.0">
    <skipped message="&#10;Parameter &apos;browser&apos; is required by BeforeClass on method beforeClass but has not been marked @Optional or defined&#10;"/>
    <system-out><![CDATA[verifyUserCanSeeDetailsInSideProduct Test started
]]></system-out>
  </testcase>
  <testcase name="afterClass" classname="Authentication.SearchProductTest" time="0.0">
    <skipped/>
  </testcase>
</testsuite>